2025-05-30 09:35:27,556 [INFO] Activator:176 - 


2025-05-30 09:35:27,557 [INFO] Activator:177 - !SESSION log4j initialized
2025-05-30 09:35:30,059 [INFO] LogOutputStream:77 - [STDOUT_REDIRECT] 
2025-05-30 09:35:32,582 [INFO] ApplicationProperties:184 - Using Application install path: C:\ST\STM32CubeIDE_1.18.1\STM32CubeIDE\plugins\com.st.stm32cube.common.mx_6.14.1.202504091515
2025-05-30 09:35:32,601 [INFO] DbMcusXml:78 - Set database path to: C:\ST\STM32CubeIDE_1.18.1\STM32CubeIDE\plugins\com.st.stm32cube.common.mx_6.14.1.202504091515\\db\/mcu/
2025-05-30 09:35:32,602 [INFO] ApiDb:274 - Set plugin database path to: C:\ST\STM32CubeIDE_1.18.1\STM32CubeIDE\plugins\com.st.stm32cube.common.mx_6.14.1.202504091515\\db\/plugins/boardmanager/
2025-05-30 09:35:32,602 [WARN] ApiDb:259 - Overriding images path with different value:  => C:\ST\STM32CubeIDE_1.18.1\STM32CubeIDE\plugins\com.st.stm32cube.common.mx_6.14.1.202504091515\\db\/plugins/mcufinder/images/
2025-05-30 09:35:33,735 [WARN] ApiFinderProperties:113 - C:\Users\kccistc\.stmcufinder\plugins\mcufinder\mcu\mcuFinder.mfd doesn't exist
2025-05-30 09:35:33,736 [INFO] ApiDb:250 - Set database path to: C:\Users\kccistc\.stmcufinder\plugins\mcufinder//mcu/
2025-05-30 09:35:33,737 [INFO] DbMcusAds:125 - Set database path to: C:\Users\kccistc\.stmcufinder\plugins\mcufinder//mcu/
2025-05-30 09:35:33,739 [INFO] CrossReferenceDbSqlite:203 - Set database path to: C:\Users\kccistc\.stmcufinder\plugins\mcufinder//mcu/cs/
2025-05-30 09:35:33,824 [INFO] RulesReader:64 - Compatibility file has been processed (302 Rules)
2025-05-30 09:35:33,912 [INFO] DbMcusXml:78 - Set database path to: C:\ST\STM32CubeIDE_1.18.1\STM32CubeIDE\plugins\com.st.stm32cube.common.mx_6.14.1.202504091515\\db\/mcu/
2025-05-30 09:35:33,912 [INFO] ApiDb:274 - Set plugin database path to: C:\ST\STM32CubeIDE_1.18.1\STM32CubeIDE\plugins\com.st.stm32cube.common.mx_6.14.1.202504091515\\db\/plugins/boardmanager/
2025-05-30 09:35:33,913 [INFO] ApiDb:261 - Set plugin images path to: C:\ST\STM32CubeIDE_1.18.1\STM32CubeIDE\plugins\com.st.stm32cube.common.mx_6.14.1.202504091515\\db\/plugins/mcufinder/images/
2025-05-30 09:35:33,913 [WARN] DbFile:41 - Overriding database path with different value: C:\Users\kccistc\.stmcufinder\plugins\mcufinder/ => C:\Users\kccistc\.stmcufinder\plugins\mcufinder
2025-05-30 09:35:33,913 [INFO] ApiDb:250 - Set database path to: C:\Users\kccistc\.stmcufinder\plugins\mcufinder//mcu/
2025-05-30 09:35:33,913 [WARN] DbFile:41 - Overriding database path with different value: C:\Users\kccistc\.stmcufinder\plugins\mcufinder/ => C:\Users\kccistc\.stmcufinder\plugins\mcufinder
2025-05-30 09:35:33,913 [INFO] DbMcusAds:125 - Set database path to: C:\Users\kccistc\.stmcufinder\plugins\mcufinder//mcu/
2025-05-30 09:35:33,913 [WARN] DbFile:41 - Overriding database path with different value: C:\Users\kccistc\.stmcufinder\plugins\mcufinder/ => C:\Users\kccistc\.stmcufinder\plugins\mcufinder
2025-05-30 09:35:33,913 [WARN] DbFile:41 - Overriding database path with different value: C:\Users\kccistc\.stmcufinder\plugins\mcufinder/ => C:\Users\kccistc\.stmcufinder\plugins\mcufinder
2025-05-30 09:35:33,913 [INFO] CrossReferenceDbSqlite:203 - Set database path to: C:\Users\kccistc\.stmcufinder\plugins\mcufinder//mcu/cs/
2025-05-30 09:35:33,977 [INFO] MainPanel:272 - HeapMemory: 268435456
2025-05-30 09:35:34,046 [INFO] DbMcusXml:78 - Set database path to: C:\ST\STM32CubeIDE_1.18.1\STM32CubeIDE\plugins\com.st.stm32cube.common.mx_6.14.1.202504091515\\db\/mcu/
2025-05-30 09:35:34,046 [INFO] ApiDb:274 - Set plugin database path to: C:\ST\STM32CubeIDE_1.18.1\STM32CubeIDE\plugins\com.st.stm32cube.common.mx_6.14.1.202504091515\\db\/plugins/boardmanager/
2025-05-30 09:35:34,047 [INFO] ApiDb:261 - Set plugin images path to: C:\ST\STM32CubeIDE_1.18.1\STM32CubeIDE\plugins\com.st.stm32cube.common.mx_6.14.1.202504091515\\db\/plugins/mcufinder/images/
2025-05-30 09:35:34,047 [WARN] DbFile:41 - Overriding database path with different value: C:\Users\kccistc\.stmcufinder\plugins\mcufinder/ => C:\Users\kccistc\.stmcufinder\plugins\mcufinder
2025-05-30 09:35:34,047 [INFO] ApiDb:250 - Set database path to: C:\Users\kccistc\.stmcufinder\plugins\mcufinder//mcu/
2025-05-30 09:35:34,047 [WARN] DbFile:41 - Overriding database path with different value: C:\Users\kccistc\.stmcufinder\plugins\mcufinder/ => C:\Users\kccistc\.stmcufinder\plugins\mcufinder
2025-05-30 09:35:34,047 [INFO] DbMcusAds:125 - Set database path to: C:\Users\kccistc\.stmcufinder\plugins\mcufinder//mcu/
2025-05-30 09:35:34,047 [WARN] DbFile:41 - Overriding database path with different value: C:\Users\kccistc\.stmcufinder\plugins\mcufinder/ => C:\Users\kccistc\.stmcufinder\plugins\mcufinder
2025-05-30 09:35:34,047 [WARN] DbFile:41 - Overriding database path with different value: C:\Users\kccistc\.stmcufinder\plugins\mcufinder/ => C:\Users\kccistc\.stmcufinder\plugins\mcufinder
2025-05-30 09:35:34,047 [INFO] CrossReferenceDbSqlite:203 - Set database path to: C:\Users\kccistc\.stmcufinder\plugins\mcufinder//mcu/cs/
2025-05-30 09:35:34,063 [INFO] ApplicationProperties:184 - Using Application install path: C:\ST\STM32CubeIDE_1.18.1\STM32CubeIDE\plugins\com.st.stm32cube.common.mx_6.14.1.202504091515
2025-05-30 09:35:34,064 [INFO] PluginManage:196 - Search for loadable plugins [exclusion list=, ]
2025-05-30 09:35:34,066 [INFO] PluginManage:310 - Check plugin analytics
2025-05-30 09:35:34,285 [INFO] AnalyticsPlugin:253 - Accepted Software Licenses: 
2025-05-30 09:35:34,285 [INFO] AnalyticsPlugin:255 - Accepted CMSIS Pack Licenses: 
2025-05-30 09:35:34,285 [INFO] AnalyticsPlugin:257 - Accepted Firmware Licenses: 
2025-05-30 09:35:34,293 [INFO] PluginManage:359 - Loaded plugin analytics (category:tool,tabindex:-1)
2025-05-30 09:35:34,293 [INFO] PluginManage:310 - Check plugin cadmodel
2025-05-30 09:35:34,324 [INFO] CADModel:105 - Init CAD model plugin
2025-05-30 09:35:34,324 [INFO] PluginManage:359 - Loaded plugin cadmodel (category:power,tabindex:5)
2025-05-30 09:35:34,325 [INFO] PluginManage:310 - Check plugin clock
2025-05-30 09:35:34,339 [INFO] PluginManage:359 - Loaded plugin clock (category:base,tabindex:2)
2025-05-30 09:35:34,340 [INFO] PluginManage:310 - Check plugin ddr
2025-05-30 09:35:34,348 [INFO] PluginManage:359 - Loaded plugin ddr (category:tool,tabindex:6)
2025-05-30 09:35:34,349 [INFO] PluginManage:310 - Check plugin filemanager
2025-05-30 09:35:34,555 [INFO] PluginManage:359 - Loaded plugin filemanager (category:base,tabindex:10)
2025-05-30 09:35:34,555 [INFO] PluginManage:310 - Check plugin ipmanager
2025-05-30 09:35:34,564 [INFO] PluginManage:359 - Loaded plugin ipmanager (category:base,tabindex:5)
2025-05-30 09:35:34,565 [INFO] PluginManage:310 - Check plugin lpbam
2025-05-30 09:35:34,577 [INFO] PluginManage:359 - Loaded plugin lpbam (category:base,tabindex:0)
2025-05-30 09:35:34,577 [INFO] PluginManage:310 - Check plugin memorymap
2025-05-30 09:35:34,595 [INFO] PluginManage:359 - Loaded plugin memorymap (category:base,tabindex:4)
2025-05-30 09:35:34,595 [INFO] PluginManage:310 - Check plugin pinoutandconfiguration
2025-05-30 09:35:34,605 [INFO] PluginManage:359 - Loaded plugin pinoutandconfiguration (category:base,tabindex:1)
2025-05-30 09:35:34,605 [INFO] PluginManage:310 - Check plugin pinoutconfig
2025-05-30 09:35:34,692 [WARN] SupportedApi:132 - Cannot load RTOS API schema: s4s-elt-must-match.1: The content of 'definitions' must match (annotation?, (simpleType | complexType)?, (unique | key | keyref)*)). A problem was found starting at: attribute.
2025-05-30 09:35:34,806 [INFO] PluginManage:359 - Loaded plugin pinoutconfig (category:base,tabindex:0)
2025-05-30 09:35:34,806 [INFO] PluginManage:310 - Check plugin power
2025-05-30 09:35:34,812 [INFO] PluginManage:359 - Loaded plugin power (category:power,tabindex:4)
2025-05-30 09:35:34,812 [INFO] PluginManage:310 - Check plugin projectmanager
2025-05-30 09:35:34,828 [INFO] PluginManage:359 - Loaded plugin projectmanager (category:projectmanager,tabindex:4)
2025-05-30 09:35:34,829 [INFO] PluginManage:310 - Check plugin rif
2025-05-30 09:35:34,833 [INFO] PluginManage:359 - Loaded plugin rif (category:base,tabindex:3)
2025-05-30 09:35:34,834 [INFO] PluginManage:310 - Check plugin thirdparty
2025-05-30 09:35:35,002 [WARN] IntegrityCheckThread:84 - waiting for thirdparty lock release [integrity check]
2025-05-30 09:35:35,002 [INFO] IntegrityCheckThread:86 - entering critical section [integrity check]
2025-05-30 09:35:35,002 [INFO] ThirdPartyUpdaterWithRetryManager:70 - Updater plugin not ready yet. [1/15]
2025-05-30 09:35:35,002 [INFO] PluginManage:359 - Loaded plugin thirdparty (category:base,tabindex:-1)
2025-05-30 09:35:35,002 [INFO] PluginManage:310 - Check plugin tools
2025-05-30 09:35:35,005 [INFO] PluginManage:359 - Loaded plugin tools (category:base,tabindex:7)
2025-05-30 09:35:35,006 [INFO] PluginManage:310 - Check plugin tutovideos
2025-05-30 09:35:35,167 [INFO] PluginManage:359 - Loaded plugin tutovideos (category:base,tabindex:-1)
2025-05-30 09:35:35,167 [INFO] PluginManage:310 - Check plugin updater
2025-05-30 09:35:35,185 [INFO] PluginManage:359 - Loaded plugin updater (category:base,tabindex:12)
2025-05-30 09:35:35,185 [INFO] PluginManage:310 - Check plugin userauth
2025-05-30 09:35:35,189 [INFO] UserAuth:118 - Init User Auth plugin
2025-05-30 09:35:35,189 [INFO] PluginManage:359 - Loaded plugin userauth (category:base,tabindex:14)
2025-05-30 09:35:35,190 [INFO] PluginManage:283 - PluginManage : Loaded plugins [18]
2025-05-30 09:35:35,414 [INFO] PinOutPanel:1589 - setPackage(No Configuration,No Configuration)
2025-05-30 09:35:35,487 [INFO] CADModel:165 - CPN selected for project level
2025-05-30 09:35:35,487 [INFO] CADModel:114 - Register for checkConnection events
2025-05-30 09:35:35,499 [INFO] IPUIPlugin:80 - create IPUIPlugin
2025-05-30 09:35:35,499 [INFO] PluginManager:220 - loadIPPluginJar : add adc
2025-05-30 09:35:35,501 [INFO] IPUIPlugin:80 - create IPUIPlugin
2025-05-30 09:35:35,502 [INFO] PluginManager:220 - loadIPPluginJar : add aes
2025-05-30 09:35:35,503 [INFO] IPUIPlugin:80 - create IPUIPlugin
2025-05-30 09:35:35,504 [INFO] PluginManager:220 - loadIPPluginJar : add can
2025-05-30 09:35:35,507 [INFO] IPUIPlugin:80 - create IPUIPlugin
2025-05-30 09:35:35,507 [INFO] PluginManager:220 - loadIPPluginJar : add comp
2025-05-30 09:35:35,509 [INFO] IPUIPlugin:80 - create IPUIPlugin
2025-05-30 09:35:35,509 [INFO] PluginManager:220 - loadIPPluginJar : add cryp
2025-05-30 09:35:35,510 [INFO] IPUIPlugin:80 - create IPUIPlugin
2025-05-30 09:35:35,510 [INFO] PluginManager:220 - loadIPPluginJar : add ddr_ctrl_phy
2025-05-30 09:35:35,512 [INFO] IPUIPlugin:80 - create IPUIPlugin
2025-05-30 09:35:35,512 [INFO] PluginManager:220 - loadIPPluginJar : add dfsdm
2025-05-30 09:35:35,517 [INFO] IPUIPlugin:80 - create IPUIPlugin
2025-05-30 09:35:35,517 [INFO] PluginManager:220 - loadIPPluginJar : add dma
2025-05-30 09:35:35,520 [INFO] IPUIPlugin:80 - create IPUIPlugin
2025-05-30 09:35:35,520 [INFO] PluginManager:220 - loadIPPluginJar : add dma3
2025-05-30 09:35:35,522 [INFO] IPUIPlugin:80 - create IPUIPlugin
2025-05-30 09:35:35,522 [INFO] PluginManager:220 - loadIPPluginJar : add extmemmanager
2025-05-30 09:35:35,524 [INFO] IPUIPlugin:80 - create IPUIPlugin
2025-05-30 09:35:35,525 [INFO] PluginManager:220 - loadIPPluginJar : add fatfs
2025-05-30 09:35:35,529 [INFO] IPUIPlugin:80 - create IPUIPlugin
2025-05-30 09:35:35,529 [INFO] PluginManager:220 - loadIPPluginJar : add fmc
2025-05-30 09:35:35,532 [INFO] IPUIPlugin:80 - create IPUIPlugin
2025-05-30 09:35:35,532 [INFO] PluginManager:220 - loadIPPluginJar : add freertos
2025-05-30 09:35:35,533 [INFO] IPUIPlugin:80 - create IPUIPlugin
2025-05-30 09:35:35,533 [INFO] PluginManager:220 - loadIPPluginJar : add genericplugin
2025-05-30 09:35:35,535 [INFO] IPUIPlugin:80 - create IPUIPlugin
2025-05-30 09:35:35,535 [INFO] PluginManager:220 - loadIPPluginJar : add gfxmmu
2025-05-30 09:35:35,538 [INFO] IPUIPlugin:80 - create IPUIPlugin
2025-05-30 09:35:35,539 [INFO] PluginManager:220 - loadIPPluginJar : add gic
2025-05-30 09:35:35,541 [INFO] IPUIPlugin:80 - create IPUIPlugin
2025-05-30 09:35:35,541 [INFO] PluginManager:220 - loadIPPluginJar : add gpio
2025-05-30 09:35:35,543 [INFO] IPUIPlugin:80 - create IPUIPlugin
2025-05-30 09:35:35,543 [INFO] PluginManager:220 - loadIPPluginJar : add gtzc
2025-05-30 09:35:35,545 [INFO] IPUIPlugin:80 - create IPUIPlugin
2025-05-30 09:35:35,546 [INFO] PluginManager:220 - loadIPPluginJar : add hash
2025-05-30 09:35:35,549 [INFO] IPUIPlugin:80 - create IPUIPlugin
2025-05-30 09:35:35,549 [INFO] PluginManager:220 - loadIPPluginJar : add i2c
2025-05-30 09:35:35,550 [INFO] IPUIPlugin:80 - create IPUIPlugin
2025-05-30 09:35:35,551 [INFO] PluginManager:220 - loadIPPluginJar : add i2s
2025-05-30 09:35:35,553 [INFO] IPUIPlugin:80 - create IPUIPlugin
2025-05-30 09:35:35,553 [INFO] PluginManager:220 - loadIPPluginJar : add i3c
2025-05-30 09:35:35,556 [INFO] IPUIPlugin:80 - create IPUIPlugin
2025-05-30 09:35:35,556 [INFO] PluginManager:220 - loadIPPluginJar : add ipddr
2025-05-30 09:35:35,561 [INFO] IPUIPlugin:80 - create IPUIPlugin
2025-05-30 09:35:35,561 [INFO] PluginManager:220 - loadIPPluginJar : add linkedlist
2025-05-30 09:35:35,565 [INFO] IPUIPlugin:80 - create IPUIPlugin
2025-05-30 09:35:35,565 [INFO] PluginManager:220 - loadIPPluginJar : add lorawan
2025-05-30 09:35:35,567 [INFO] IPUIPlugin:80 - create IPUIPlugin
2025-05-30 09:35:35,567 [INFO] PluginManager:220 - loadIPPluginJar : add ltdc
2025-05-30 09:35:35,571 [INFO] IPUIPlugin:80 - create IPUIPlugin
2025-05-30 09:35:35,572 [INFO] PluginManager:220 - loadIPPluginJar : add mdma
2025-05-30 09:35:35,574 [INFO] IPUIPlugin:80 - create IPUIPlugin
2025-05-30 09:35:35,574 [INFO] PluginManager:220 - loadIPPluginJar : add nvic
2025-05-30 09:35:35,576 [INFO] IPUIPlugin:80 - create IPUIPlugin
2025-05-30 09:35:35,576 [INFO] PluginManager:220 - loadIPPluginJar : add opamp
2025-05-30 09:35:35,579 [INFO] IPUIPlugin:80 - create IPUIPlugin
2025-05-30 09:35:35,579 [INFO] PluginManager:220 - loadIPPluginJar : add openamp
2025-05-30 09:35:35,584 [INFO] IPUIPlugin:80 - create IPUIPlugin
2025-05-30 09:35:35,584 [INFO] PluginManager:220 - loadIPPluginJar : add pdm2pcm
2025-05-30 09:35:35,591 [INFO] IPUIPlugin:80 - create IPUIPlugin
2025-05-30 09:35:35,594 [INFO] PluginManager:220 - loadIPPluginJar : add plateformsettings
2025-05-30 09:35:35,596 [INFO] IPUIPlugin:80 - create IPUIPlugin
2025-05-30 09:35:35,596 [INFO] PluginManager:220 - loadIPPluginJar : add quadspi
2025-05-30 09:35:35,598 [INFO] IPUIPlugin:80 - create IPUIPlugin
2025-05-30 09:35:35,599 [INFO] PluginManager:220 - loadIPPluginJar : add radio
2025-05-30 09:35:35,604 [INFO] IPUIPlugin:80 - create IPUIPlugin
2025-05-30 09:35:35,604 [INFO] PluginManager:220 - loadIPPluginJar : add resmgrutility
2025-05-30 09:35:35,607 [INFO] IPUIPlugin:80 - create IPUIPlugin
2025-05-30 09:35:35,608 [INFO] PluginManager:220 - loadIPPluginJar : add sai
2025-05-30 09:35:35,610 [INFO] IPUIPlugin:80 - create IPUIPlugin
2025-05-30 09:35:35,610 [INFO] PluginManager:220 - loadIPPluginJar : add spi
2025-05-30 09:35:35,620 [INFO] IPUIPlugin:80 - create IPUIPlugin
2025-05-30 09:35:35,620 [INFO] PluginManager:220 - loadIPPluginJar : add stm32_wpan
2025-05-30 09:35:35,623 [INFO] IPUIPlugin:80 - create IPUIPlugin
2025-05-30 09:35:35,623 [INFO] PluginManager:220 - loadIPPluginJar : add tim
2025-05-30 09:35:35,627 [INFO] IPUIPlugin:80 - create IPUIPlugin
2025-05-30 09:35:35,627 [INFO] PluginManager:220 - loadIPPluginJar : add touchsensing
2025-05-30 09:35:35,631 [INFO] IPUIPlugin:80 - create IPUIPlugin
2025-05-30 09:35:35,631 [INFO] PluginManager:220 - loadIPPluginJar : add tracer_emb
2025-05-30 09:35:35,633 [INFO] IPUIPlugin:80 - create IPUIPlugin
2025-05-30 09:35:35,633 [INFO] PluginManager:220 - loadIPPluginJar : add ts
2025-05-30 09:35:35,635 [INFO] IPUIPlugin:80 - create IPUIPlugin
2025-05-30 09:35:35,636 [INFO] PluginManager:220 - loadIPPluginJar : add tsc
2025-05-30 09:35:35,639 [INFO] IPUIPlugin:80 - create IPUIPlugin
2025-05-30 09:35:35,640 [INFO] PluginManager:220 - loadIPPluginJar : add ucpd
2025-05-30 09:35:35,643 [INFO] IPUIPlugin:80 - create IPUIPlugin
2025-05-30 09:35:35,643 [INFO] PluginManager:220 - loadIPPluginJar : add usart
2025-05-30 09:35:35,650 [INFO] IPUIPlugin:80 - create IPUIPlugin
2025-05-30 09:35:35,650 [INFO] PluginManager:220 - loadIPPluginJar : add usbx
2025-05-30 09:35:35,783 [FATAL] Updater:351 - Updater called before beeing initialized
2025-05-30 09:35:35,809 [INFO] RulesReader:64 - Compatibility file has been processed (302 Rules)
2025-05-30 09:35:35,820 [INFO] RulesReader:64 - Compatibility file has been processed (302 Rules)
2025-05-30 09:35:35,832 [INFO] CADModel:165 - CPN selected for project level
2025-05-30 09:35:35,832 [INFO] CADModel:114 - Register for checkConnection events
2025-05-30 09:35:35,833 [FATAL] Updater:351 - Updater called before beeing initialized
2025-05-30 09:35:35,833 [ERROR] CADModel:125 - Updater not yet initialized, retry later 
2025-05-30 09:35:35,964 [FATAL] Updater:351 - Updater called before beeing initialized
2025-05-30 09:35:35,965 [INFO] CADModel:165 - CPN selected for project level
2025-05-30 09:35:35,965 [INFO] CADModel:114 - Register for checkConnection events
2025-05-30 09:35:35,966 [FATAL] Updater:351 - Updater called before beeing initialized
2025-05-30 09:35:35,966 [ERROR] CADModel:125 - Updater not yet initialized, retry later 
2025-05-30 09:35:35,970 [FATAL] Updater:351 - Updater called before beeing initialized
2025-05-30 09:35:36,096 [FATAL] Updater:351 - Updater called before beeing initialized
2025-05-30 09:35:36,103 [INFO] DbMcusAds:53 - JSON generation date=Thu Sep 30 15:55:09 KST 2021 (1632984909247)
2025-05-30 09:35:36,103 [FATAL] Updater:351 - Updater called before beeing initialized
2025-05-30 09:35:36,139 [WARN] DetailPanel:346 - Failed to get advertising image, set to default
2025-05-30 09:35:36,327 [FATAL] Updater:351 - Updater called before beeing initialized
2025-05-30 09:35:36,332 [FATAL] Updater:351 - Updater called before beeing initialized
2025-05-30 09:35:36,332 [FATAL] Updater:351 - Updater called before beeing initialized
2025-05-30 09:35:36,332 [WARN] DetailPanel:346 - Failed to get advertising image, set to default
2025-05-30 09:35:36,334 [FATAL] Updater:351 - Updater called before beeing initialized
2025-05-30 09:35:36,379 [ERROR] Updater:1198 - MainUpdater not yet initialized. External WinMGr cannot be set.
2025-05-30 09:35:36,380 [INFO] Updater:1134 - Updater Version found : 6.14.1
2025-05-30 09:35:36,394 [INFO] ApplicationProperties:184 - Using Application install path: C:\ST\STM32CubeIDE_1.18.1\STM32CubeIDE\plugins\com.st.stm32cube.common.mx_6.14.1.202504091515
2025-05-30 09:35:37,961 [ERROR] LogOutputStream:75 - [STDERR_REDIRECT] May 30, 2025 9:35:37 AM java.util.prefs.WindowsPreferences <init>
2025-05-30 09:35:37,961 [ERROR] LogOutputStream:75 - [STDERR_REDIRECT] WARNING: Could not open/create prefs root node Software\JavaSoft\Prefs at root 0xffffffff80000002. Windows RegCreateKeyEx(...) returned error code 5.
2025-05-30 09:35:37,962 [ERROR] LogOutputStream:75 - [STDERR_REDIRECT] 
2025-05-30 09:35:37,976 [INFO] MainUpdater:525 - Copy updater definitions from MX database
2025-05-30 09:35:38,005 [INFO] ThirdPartyUpdaterWithRetryManager:70 - Updater plugin not ready yet. [2/15]
2025-05-30 09:35:38,012 [INFO] MainUpdater:558 - Copy flag file definitions from MX database
2025-05-30 09:35:38,014 [INFO] MainUpdater:574 - Copy thirdparty index definitions from MX database
2025-05-30 09:35:38,015 [INFO] MainUpdater:593 - Copy default thirdparty db definitions from MX database
2025-05-30 09:35:38,510 [INFO] MainUpdater:2872 - connection check result : 10
2025-05-30 09:35:38,510 [INFO] MainUpdater:3566 - Updater definition file requires update
2025-05-30 09:35:38,511 [INFO] MainUpdater:289 - Updater Check For Update Now.
2025-05-30 09:35:38,511 [INFO] MicroXplorer:498 - Change Database Version : DB.6.0.141
2025-05-30 09:35:38,520 [INFO] McuFinderGlobals:63 - Set McuFinder mode to 2 (CubeIDE integrated)
2025-05-30 09:35:38,520 [INFO] UserAuth:171 - activating auth plugin
2025-05-30 09:35:38,523 [INFO] UserAuth:484 - Internet connection configuration mode: 1
2025-05-30 09:35:38,544 [INFO] JxBrowserEngine:152 - Initiate JxBrowser Engine with user profile folder
2025-05-30 09:35:38,732 [INFO] ServerAccessManage:473 - Download File updaters.zip
2025-05-30 09:35:38,933 [INFO] FileExtend:242 - Unzip File : updaters.zip
2025-05-30 09:35:38,933 [INFO] FileExtend:257 - Standard Zip Deflate
2025-05-30 09:35:39,706 [INFO] ServerAccessManage:473 - Download File PacksControlFlags.xml
2025-05-30 09:35:39,862 [INFO] ServerAccessManage:473 - Download File cubemx.pidx
2025-05-30 09:35:40,083 [INFO] ServerAccessManage:473 - Download File STMicroelectronics.FP-ATR-ASTRA1.pdsc
2025-05-30 09:35:40,650 [INFO] ServerAccessManage:473 - Download File STMicroelectronics.FP-ATR-SIGFOX1.pdsc
2025-05-30 09:35:40,931 [INFO] ServerAccessManage:473 - Download File STMicroelectronics.FP-SNS-STBOX1.pdsc
2025-05-30 09:35:41,006 [WARN] MainUpdater:1193 - Updater busy. Cannot search thirdparties
2025-05-30 09:35:41,006 [INFO] ThirdPartyUpdaterWithRetryManager:96 - Updater plugin is busy. [1/15]
2025-05-30 09:35:41,137 [INFO] ServerAccessManage:473 - Download File STMicroelectronics.FP-SNS-FLIGHT1.pdsc
2025-05-30 09:35:41,611 [INFO] ServerAccessManage:473 - Download File STMicroelectronics.FP-SNS-MOTENV1.pdsc
2025-05-30 09:35:42,067 [INFO] ServerAccessManage:473 - Download File STMicroelectronics.FP-SNS-MOTENVWB1.pdsc
2025-05-30 09:35:42,434 [INFO] ServerAccessManage:473 - Download File STMicroelectronics.FP-SNS-SMARTAG2.pdsc
2025-05-30 09:35:42,630 [INFO] ServerAccessManage:473 - Download File STMicroelectronics.X-CUBE-AI.pdsc
2025-05-30 09:35:43,248 [INFO] WebApp:169 - Instantiating new browser for Auth
2025-05-30 09:35:43,985 [INFO] WebApp:463 - Apply proxy settings
2025-05-30 09:35:43,985 [INFO] WebApp:548 - Chromium requires no authentication
2025-05-30 09:35:44,000 [INFO] WebApp:491 - Direct internet connection detected
2025-05-30 09:35:44,007 [WARN] MainUpdater:1193 - Updater busy. Cannot search thirdparties
2025-05-30 09:35:44,007 [INFO] ThirdPartyUpdaterWithRetryManager:96 - Updater plugin is busy. [2/15]
2025-05-30 09:35:44,033 [INFO] WebApp:894 - Register for checkConnection events
2025-05-30 09:35:44,034 [INFO] WebApp:463 - Apply proxy settings
2025-05-30 09:35:44,034 [INFO] WebApp:548 - Chromium requires no authentication
2025-05-30 09:35:44,034 [INFO] WebApp:491 - Direct internet connection detected
2025-05-30 09:35:44,243 [INFO] WebApp:225 - Starting web application
2025-05-30 09:35:44,244 [INFO] WebApp:593 - Web application path used C:\ST\STM32CubeIDE_1.18.1\STM32CubeIDE\plugins\com.st.stm32cube.common.mx_6.14.1.202504091515\db\plugins\mcufinder\reactClient1\index.html
2025-05-30 09:35:44,356 [INFO] WebApp:191 - Connection restablished
2025-05-30 09:35:44,482 [INFO] ServerAccessManage:473 - Download File STMicroelectronics.X-CUBE-ALS.pdsc
2025-05-30 09:35:44,859 [INFO] ServerAccessManage:473 - Download File STMicroelectronics.X-CUBE-BLE1.pdsc
2025-05-30 09:35:46,479 [ERROR] ServerAccessManage:1089 - Problem, file not found on Server
2025-05-30 09:35:46,567 [INFO] ServerAccessManage:473 - Download File STMicroelectronics.X-CUBE-BLE2.pdsc
2025-05-30 09:35:47,008 [WARN] MainUpdater:1193 - Updater busy. Cannot search thirdparties
2025-05-30 09:35:47,008 [INFO] ThirdPartyUpdaterWithRetryManager:96 - Updater plugin is busy. [3/15]
2025-05-30 09:35:47,369 [INFO] ServerAccessManage:473 - Download File STMicroelectronics.X-CUBE-BLEMGR.pdsc
2025-05-30 09:35:47,564 [ERROR] ServerAccessManage:1089 - Problem, file not found on Server
2025-05-30 09:35:48,236 [INFO] ServerAccessManage:473 - Download File STMicroelectronics.X-CUBE-DISPLAY.pdsc
2025-05-30 09:35:48,846 [INFO] ServerAccessManage:473 - Download File STMicroelectronics.X-CUBE-DPOWER.pdsc
2025-05-30 09:35:49,131 [ERROR] ServerAccessManage:1089 - Problem, file not found on Server
2025-05-30 09:35:49,213 [ERROR] ServerAccessManage:1089 - Problem, file not found on Server
2025-05-30 09:35:49,302 [ERROR] ServerAccessManage:1089 - Problem, file not found on Server
2025-05-30 09:35:49,384 [ERROR] ServerAccessManage:1089 - Problem, file not found on Server
2025-05-30 09:35:49,657 [ERROR] ServerAccessManage:1089 - Problem, file not found on Server
2025-05-30 09:35:49,973 [ERROR] ServerAccessManage:1089 - Problem, file not found on Server
2025-05-30 09:35:50,009 [WARN] MainUpdater:1193 - Updater busy. Cannot search thirdparties
2025-05-30 09:35:50,009 [INFO] ThirdPartyUpdaterWithRetryManager:96 - Updater plugin is busy. [4/15]
2025-05-30 09:35:50,708 [ERROR] ServerAccessManage:1089 - Problem, file not found on Server
2025-05-30 09:35:51,040 [ERROR] ServerAccessManage:1089 - Problem, file not found on Server
2025-05-30 09:35:51,343 [ERROR] ServerAccessManage:1089 - Problem, file not found on Server
2025-05-30 09:35:52,083 [ERROR] ServerAccessManage:1089 - Problem, file not found on Server
2025-05-30 09:35:52,828 [ERROR] ServerAccessManage:1089 - Problem, file not found on Server
2025-05-30 09:35:53,011 [WARN] MainUpdater:1193 - Updater busy. Cannot search thirdparties
2025-05-30 09:35:53,011 [INFO] ThirdPartyUpdaterWithRetryManager:96 - Updater plugin is busy. [5/15]
2025-05-30 09:35:53,014 [INFO] ServerAccessManage:473 - Download File STMicroelectronics.X-CUBE-EEPRMA1.pdsc
2025-05-30 09:35:53,599 [ERROR] ServerAccessManage:1089 - Problem, file not found on Server
2025-05-30 09:35:54,521 [ERROR] ServerAccessManage:1089 - Problem, file not found on Server
2025-05-30 09:35:54,846 [INFO] ServerAccessManage:473 - Download File STMicroelectronics.X-CUBE-FREERTOS.pdsc
2025-05-30 09:35:55,438 [INFO] ServerAccessManage:473 - Download File STMicroelectronics.X-CUBE-GNSS1.pdsc
2025-05-30 09:35:56,013 [WARN] MainUpdater:1193 - Updater busy. Cannot search thirdparties
2025-05-30 09:35:56,013 [INFO] ThirdPartyUpdaterWithRetryManager:96 - Updater plugin is busy. [6/15]
2025-05-30 09:35:56,994 [ERROR] ServerAccessManage:1089 - Problem, file not found on Server
2025-05-30 09:35:57,729 [ERROR] ServerAccessManage:1089 - Problem, file not found on Server
2025-05-30 09:35:58,465 [ERROR] ServerAccessManage:1089 - Problem, file not found on Server
2025-05-30 09:35:59,014 [WARN] MainUpdater:1193 - Updater busy. Cannot search thirdparties
2025-05-30 09:35:59,014 [INFO] ThirdPartyUpdaterWithRetryManager:96 - Updater plugin is busy. [7/15]
2025-05-30 09:35:59,199 [ERROR] ServerAccessManage:1089 - Problem, file not found on Server
2025-05-30 09:35:59,938 [ERROR] ServerAccessManage:1089 - Problem, file not found on Server
2025-05-30 09:36:00,669 [ERROR] ServerAccessManage:1089 - Problem, file not found on Server
2025-05-30 09:36:00,747 [INFO] ServerAccessManage:473 - Download File STMicroelectronics.X-CUBE-ISPU.pdsc
2025-05-30 09:36:01,225 [INFO] ServerAccessManage:473 - Download File STMicroelectronics.X-CUBE-IPS.pdsc
2025-05-30 09:36:01,546 [INFO] ServerAccessManage:473 - Download File STMicroelectronics.X-CUBE-MEMS1.pdsc
2025-05-30 09:36:02,015 [WARN] MainUpdater:1193 - Updater busy. Cannot search thirdparties
2025-05-30 09:36:02,015 [INFO] ThirdPartyUpdaterWithRetryManager:96 - Updater plugin is busy. [8/15]
2025-05-30 09:36:03,886 [INFO] ServerAccessManage:473 - Download File STMicroelectronics.X-CUBE-NFC4.pdsc
2025-05-30 09:36:05,018 [WARN] MainUpdater:1193 - Updater busy. Cannot search thirdparties
2025-05-30 09:36:05,018 [INFO] ThirdPartyUpdaterWithRetryManager:96 - Updater plugin is busy. [9/15]
2025-05-30 09:36:05,023 [INFO] ServerAccessManage:473 - Download File STMicroelectronics.X-CUBE-NFC6.pdsc
2025-05-30 09:36:05,292 [INFO] ServerAccessManage:473 - Download File STMicroelectronics.X-CUBE-NFC7.pdsc
2025-05-30 09:36:05,643 [INFO] ServerAccessManage:473 - Download File STMicroelectronics.X-CUBE-NFC9.pdsc
2025-05-30 09:36:06,139 [INFO] ServerAccessManage:473 - Download File STMicroelectronics.X-CUBE-NFC10.pdsc
2025-05-30 09:36:06,313 [INFO] ServerAccessManage:473 - Download File STMicroelectronics.X-CUBE-SFXS2LP1.pdsc
2025-05-30 09:36:06,738 [INFO] ServerAccessManage:473 - Download File STMicroelectronics.X-CUBE-SAFEA1.pdsc
2025-05-30 09:36:06,920 [INFO] ServerAccessManage:473 - Download File STMicroelectronics.X-CUBE-SUBG2.pdsc
2025-05-30 09:36:08,018 [WARN] MainUpdater:1193 - Updater busy. Cannot search thirdparties
2025-05-30 09:36:08,018 [INFO] ThirdPartyUpdaterWithRetryManager:96 - Updater plugin is busy. [10/15]
2025-05-30 09:36:08,080 [INFO] ServerAccessManage:473 - Download File STMicroelectronics.X-CUBE-SMBUS.pdsc
2025-05-30 09:36:08,928 [ERROR] ServerAccessManage:1089 - Problem, file not found on Server
2025-05-30 09:36:09,008 [INFO] ServerAccessManage:473 - Download File STMicroelectronics.X-CUBE-ST60.pdsc
2025-05-30 09:36:09,296 [INFO] ServerAccessManage:473 - Download File STMicroelectronics.X-CUBE-TCPP.pdsc
2025-05-30 09:36:09,558 [INFO] ServerAccessManage:473 - Download File STMicroelectronics.X-CUBE-TOF1.pdsc
2025-05-30 09:36:11,019 [WARN] MainUpdater:1193 - Updater busy. Cannot search thirdparties
2025-05-30 09:36:11,019 [INFO] ThirdPartyUpdaterWithRetryManager:96 - Updater plugin is busy. [11/15]
2025-05-30 09:36:11,106 [ERROR] ServerAccessManage:1089 - Problem, file not found on Server
2025-05-30 09:36:11,261 [INFO] ServerAccessManage:473 - Download File STMicroelectronics.X-CUBE-TOUCHGFX.pdsc
2025-05-30 09:36:13,392 [INFO] ServerAccessManage:473 - Download File STMicroelectronics.X-CUBE-ALGOBUILD.pdsc
2025-05-30 09:36:13,961 [INFO] ServerAccessManage:473 - Download File STMicroelectronics.X-CUBE-AZRTOS-H7.pdsc
2025-05-30 09:36:14,020 [WARN] MainUpdater:1193 - Updater busy. Cannot search thirdparties
2025-05-30 09:36:14,020 [INFO] ThirdPartyUpdaterWithRetryManager:96 - Updater plugin is busy. [12/15]
2025-05-30 09:36:14,736 [INFO] ServerAccessManage:473 - Download File STMicroelectronics.X-CUBE-AZRTOS-H7RS.pdsc
2025-05-30 09:36:15,033 [INFO] ServerAccessManage:473 - Download File STMicroelectronics.X-CUBE-AZRTOS-F4.pdsc
2025-05-30 09:36:15,336 [INFO] ServerAccessManage:473 - Download File STMicroelectronics.X-CUBE-AZRTOS-F7.pdsc
2025-05-30 09:36:16,064 [INFO] ServerAccessManage:473 - Download File STMicroelectronics.X-CUBE-AZRTOS-L4.pdsc
2025-05-30 09:36:16,389 [INFO] ServerAccessManage:473 - Download File STMicroelectronics.X-CUBE-AZRTOS-L5.pdsc
2025-05-30 09:36:16,756 [INFO] ServerAccessManage:473 - Download File STMicroelectronics.X-CUBE-AZRTOS-G0.pdsc
2025-05-30 09:36:17,022 [WARN] MainUpdater:1193 - Updater busy. Cannot search thirdparties
2025-05-30 09:36:17,022 [INFO] ThirdPartyUpdaterWithRetryManager:96 - Updater plugin is busy. [13/15]
2025-05-30 09:36:17,074 [INFO] ServerAccessManage:473 - Download File STMicroelectronics.X-CUBE-AZRTOS-G4.pdsc
2025-05-30 09:36:17,376 [INFO] ServerAccessManage:473 - Download File STMicroelectronics.X-CUBE-AZRTOS-WB.pdsc
2025-05-30 09:36:17,690 [INFO] ServerAccessManage:473 - Download File STMicroelectronics.X-CUBE-AZRTOS-WL.pdsc
2025-05-30 09:36:17,973 [INFO] ServerAccessManage:473 - Download File STMicroelectronics.X-CUBE-WB05N.pdsc
2025-05-30 09:36:18,779 [INFO] ServerAccessManage:473 - Download File wolfSSL.I-CUBE-wolfSSL.pdsc
2025-05-30 09:36:20,023 [WARN] MainUpdater:1193 - Updater busy. Cannot search thirdparties
2025-05-30 09:36:20,023 [INFO] ThirdPartyUpdaterWithRetryManager:96 - Updater plugin is busy. [14/15]
2025-05-30 09:36:23,024 [WARN] MainUpdater:1193 - Updater busy. Cannot search thirdparties
2025-05-30 09:36:23,024 [INFO] ThirdPartyUpdaterWithRetryManager:96 - Updater plugin is busy. [15/15]
2025-05-30 09:36:23,024 [ERROR] IntegrityCheckThread:130 - Cannot retrieve database content from updater: error -1
2025-05-30 09:36:23,025 [INFO] ThirdParty:978 - Integrity check success = false
2025-05-30 09:36:23,025 [INFO] IntegrityCheckThread:100 - exiting critical section [integrity check]
2025-05-30 09:36:23,025 [INFO] IntegrityCheckThread:103 - End integrity checks thread
2025-05-30 09:36:24,603 [ERROR] ServerAccessManage:1089 - Problem, file not found on Server
2025-05-30 09:36:25,076 [ERROR] ServerAccessManage:1089 - Problem, file not found on Server
2025-05-30 09:36:25,545 [ERROR] ServerAccessManage:1089 - Problem, file not found on Server
2025-05-30 09:36:25,781 [INFO] ServerAccessManage:473 - Download File wolfSSL.I-CUBE-wolfMQTT.pdsc
2025-05-30 09:36:27,284 [ERROR] ServerAccessManage:1089 - Problem, file not found on Server
2025-05-30 09:36:27,514 [INFO] ServerAccessManage:473 - Download File wolfSSL.I-CUBE-wolfTPM.pdsc
2025-05-30 09:36:29,265 [INFO] ServerAccessManage:473 - Download File wolfSSL.I-CUBE-wolfSSH.pdsc
2025-05-30 09:36:30,836 [INFO] ServerAccessManage:473 - Download File RealThread.X-CUBE-RT-Thread_Nano.pdsc
2025-05-30 09:36:32,852 [INFO] ServerAccessManage:473 - Download File SEGGER.I-CUBE-embOS.pdsc
2025-05-30 09:36:37,469 [INFO] ServerAccessManage:473 - Download File portGmbH.I-Cube-SoM-uGOAL.pdsc
2025-05-30 09:36:39,807 [ERROR] ServerAccessManage:1089 - Problem, file not found on Server
2025-05-30 09:36:40,046 [ERROR] ServerAccessManage:1089 - Problem, file not found on Server
2025-05-30 09:36:40,281 [ERROR] ServerAccessManage:1089 - Problem, file not found on Server
2025-05-30 09:36:41,867 [INFO] ServerAccessManage:473 - Download File emotas.I-CUBE-CANOPEN.pdsc
2025-05-30 09:36:43,679 [INFO] ServerAccessManage:473 - Download File WES.I-CUBE-Cesium.pdsc
2025-05-30 09:36:44,381 [ERROR] ServerAccessManage:1089 - Problem, file not found on Server
2025-05-30 09:36:44,686 [ERROR] ServerAccessManage:1089 - Problem, file not found on Server
2025-05-30 09:36:45,384 [INFO] ServerAccessManage:473 - Download File ITTIA_DB.I-CUBE-ITTIADB.pdsc
2025-05-30 09:36:48,997 [INFO] ServerAccessManage:473 - Download File Infineon.AIROC-Wi-Fi-Bluetooth-STM32.pdsc
2025-05-30 09:36:53,669 [INFO] ServerAccessManage:473 - Download File Cesanta.I-CUBE-Mongoose.pdsc
2025-05-30 09:36:58,255 [INFO] ServerAccessManage:473 - Download File EmbeddedOffice.I-CUBE-FS-RTOS.pdsc
2025-05-30 09:36:59,771 [INFO] ServerAccessManage:473 - Download File quantropi.X-CUBE-qispace-sdk-base.pdsc
2025-05-30 09:37:00,288 [INFO] ServerAccessManage:473 - Download File Avnet-IotConnect.X-CUBE-IoTC-DA16k-PMOD.pdsc
2025-05-30 09:37:04,556 [WARN] CheckServerUpdateThread:151 - Open CheckUpdateFile Fail
2025-05-30 09:37:04,685 [INFO] CheckServerUpdateThread:120 - End of CheckServer Thread
2025-05-30 09:37:04,695 [WARN] PackLoader:240 - Cannot read IP mode file for STMicroelectronics.FP-ATR-ASTRA1.2.0.2
2025-05-30 09:37:04,711 [WARN] PackLoader:240 - Cannot read IP mode file for STMicroelectronics.FP-ATR-SIGFOX1.3.2.0
2025-05-30 09:37:04,722 [WARN] PackLoader:240 - Cannot read IP mode file for STMicroelectronics.FP-SNS-STBOX1.2.0.0
2025-05-30 09:37:04,740 [WARN] PackLoader:240 - Cannot read IP mode file for STMicroelectronics.FP-SNS-FLIGHT1.5.1.0
2025-05-30 09:37:04,748 [WARN] PackLoader:240 - Cannot read IP mode file for STMicroelectronics.FP-SNS-MOTENV1.5.0.0
2025-05-30 09:37:04,753 [WARN] PackLoader:240 - Cannot read IP mode file for STMicroelectronics.FP-SNS-MOTENVWB1.1.4.0
2025-05-30 09:37:04,759 [WARN] PackLoader:240 - Cannot read IP mode file for STMicroelectronics.FP-SNS-SMARTAG2.1.2.0
2025-05-30 09:37:04,763 [WARN] PackLoader:240 - Cannot read IP mode file for STMicroelectronics.X-CUBE-AI.10.0.0
2025-05-30 09:37:04,777 [WARN] PackLoader:240 - Cannot read IP mode file for STMicroelectronics.X-CUBE-ALS.1.0.2
2025-05-30 09:37:04,793 [WARN] PackLoader:240 - Cannot read IP mode file for STMicroelectronics.X-CUBE-BLE1.7.1.0
2025-05-30 09:37:04,799 [WARN] PackLoader:240 - Cannot read IP mode file for STMicroelectronics.X-CUBE-BLE2.3.3.0
2025-05-30 09:37:04,811 [WARN] PackLoader:240 - Cannot read IP mode file for STMicroelectronics.X-CUBE-BLEMGR.4.0.0
2025-05-30 09:37:04,844 [WARN] PackLoader:240 - Cannot read IP mode file for STMicroelectronics.X-CUBE-DISPLAY.3.0.0
2025-05-30 09:37:04,857 [WARN] PackLoader:240 - Cannot read IP mode file for STMicroelectronics.X-CUBE-DPower.1.3.0
2025-05-30 09:37:04,865 [WARN] PackLoader:240 - Cannot read IP mode file for STMicroelectronics.X-CUBE-EEPRMA1.5.1.0
2025-05-30 09:37:04,876 [WARN] PackLoader:240 - Cannot read IP mode file for STMicroelectronics.X-CUBE-FREERTOS.1.3.1
2025-05-30 09:37:04,883 [WARN] PackLoader:240 - Cannot read IP mode file for STMicroelectronics.X-CUBE-GNSS1.7.0.1
2025-05-30 09:37:04,889 [WARN] PackLoader:240 - Cannot read IP mode file for STMicroelectronics.X-CUBE-ISPU.2.1.0
2025-05-30 09:37:04,909 [WARN] PackLoader:240 - Cannot read IP mode file for STMicroelectronics.X-CUBE-IPS.3.1.0
2025-05-30 09:37:04,970 [WARN] PackLoader:240 - Cannot read IP mode file for STMicroelectronics.X-CUBE-MEMS1.11.2.0
2025-05-30 09:37:05,147 [WARN] PackLoader:240 - Cannot read IP mode file for STMicroelectronics.X-CUBE-NFC4.3.0.0
2025-05-30 09:37:05,158 [WARN] PackLoader:240 - Cannot read IP mode file for STMicroelectronics.X-CUBE-NFC6.3.1.0
2025-05-30 09:37:05,169 [WARN] PackLoader:240 - Cannot read IP mode file for STMicroelectronics.X-CUBE-NFC7.2.0.0
2025-05-30 09:37:05,177 [WARN] PackLoader:240 - Cannot read IP mode file for STMicroelectronics.X-CUBE-NFC9.1.0.0
2025-05-30 09:37:05,187 [WARN] PackLoader:240 - Cannot read IP mode file for STMicroelectronics.X-CUBE-NFC10.1.0.0
2025-05-30 09:37:05,199 [WARN] PackLoader:240 - Cannot read IP mode file for STMicroelectronics.X-CUBE-SFXS2LP1.4.0.0
2025-05-30 09:37:05,209 [WARN] PackLoader:240 - Cannot read IP mode file for STMicroelectronics.X-CUBE-SAFEA1.1.2.2
2025-05-30 09:37:05,221 [WARN] PackLoader:240 - Cannot read IP mode file for STMicroelectronics.X-CUBE-SUBG2.5.0.0
2025-05-30 09:37:05,235 [WARN] PackLoader:240 - Cannot read IP mode file for STMicroelectronics.X-CUBE-SMBUS.2.1.0
2025-05-30 09:37:05,241 [WARN] PackLoader:240 - Cannot read IP mode file for STMicroelectronics.X-CUBE-ST60.1.0.0
2025-05-30 09:37:05,249 [WARN] PackLoader:240 - Cannot read IP mode file for STMicroelectronics.X-CUBE-TCPP.4.2.0
2025-05-30 09:37:05,262 [WARN] PackLoader:240 - Cannot read IP mode file for STMicroelectronics.X-CUBE-TOF1.3.4.3
2025-05-30 09:37:05,290 [WARN] PackLoader:240 - Cannot read IP mode file for STMicroelectronics.X-CUBE-TOUCHGFX.4.25.0
2025-05-30 09:37:05,298 [WARN] PackLoader:240 - Cannot read IP mode file for STMicroelectronics.X-CUBE-ALGOBUILD.1.4.0
2025-05-30 09:37:05,325 [WARN] PackLoader:240 - Cannot read IP mode file for STMicroelectronics.X-CUBE-AZRTOS-H7.3.3.0
2025-05-30 09:37:05,360 [WARN] PackLoader:240 - Cannot read IP mode file for STMicroelectronics.X-CUBE-AZRTOS-H7RS.1.1.0
2025-05-30 09:37:05,381 [WARN] PackLoader:240 - Cannot read IP mode file for STMicroelectronics.X-CUBE-AZRTOS-F4.1.1.0
2025-05-30 09:37:05,407 [WARN] PackLoader:240 - Cannot read IP mode file for STMicroelectronics.X-CUBE-AZRTOS-F7.1.1.0
2025-05-30 09:37:05,435 [WARN] ConditionMgr:438 - getConditionDescription Invalid condition id : LAN8742 Phy interface Condition cause : null
2025-05-30 09:37:05,436 [WARN] PackLoader:240 - Cannot read IP mode file for STMicroelectronics.X-CUBE-AZRTOS-L4.2.0.0
2025-05-30 09:37:05,437 [WARN] ConditionMgr:1044 - genDependencies : Invalid condition id : LAN8742 Phy interface Condition cause : null
2025-05-30 09:37:05,438 [WARN] ConditionMgr:1044 - genDependencies : Invalid condition id : LAN8742 Phy interface Condition cause : null
2025-05-30 09:37:05,438 [WARN] ConditionMgr:1044 - genDependencies : Invalid condition id : LAN8742 Phy interface Condition cause : null
2025-05-30 09:37:05,461 [WARN] PackLoader:240 - Cannot read IP mode file for STMicroelectronics.X-CUBE-AZRTOS-L5.2.0.0
2025-05-30 09:37:05,482 [WARN] PackLoader:240 - Cannot read IP mode file for STMicroelectronics.X-CUBE-AZRTOS-G0.1.1.0
2025-05-30 09:37:05,504 [WARN] PackLoader:240 - Cannot read IP mode file for STMicroelectronics.X-CUBE-AZRTOS-G4.2.0.0
2025-05-30 09:37:05,524 [WARN] ConditionMgr:438 - getConditionDescription Invalid condition id : UX DEVICE CLASS RTOS Condition cause : null
2025-05-30 09:37:05,524 [WARN] ConditionMgr:438 - getConditionDescription Invalid condition id : UX DEVICE CLASS RTOS Condition cause : null
2025-05-30 09:37:05,527 [WARN] PackLoader:240 - Cannot read IP mode file for STMicroelectronics.X-CUBE-AZRTOS-WB.2.0.0
2025-05-30 09:37:05,528 [WARN] ConditionMgr:1044 - genDependencies : Invalid condition id : UX DEVICE CLASS RTOS Condition cause : null
2025-05-30 09:37:05,528 [WARN] ConditionMgr:1044 - genDependencies : Invalid condition id : UX DEVICE CLASS RTOS Condition cause : null
2025-05-30 09:37:05,528 [WARN] ConditionMgr:1044 - genDependencies : Invalid condition id : UX DEVICE CLASS RTOS Condition cause : null
2025-05-30 09:37:05,530 [WARN] ConditionMgr:1044 - genDependencies : Invalid condition id : UX DEVICE CLASS RTOS Condition cause : null
2025-05-30 09:37:05,530 [WARN] ConditionMgr:1044 - genDependencies : Invalid condition id : UX DEVICE CLASS RTOS Condition cause : null
2025-05-30 09:37:05,542 [INFO] LogOutputStream:77 - [STDOUT_REDIRECT] 1 : Invalid condition id : UX_CORESTACK_Condition cause : null
2025-05-30 09:37:05,544 [INFO] LogOutputStream:77 - [STDOUT_REDIRECT] 1 : Invalid condition id : UX_CORESTACK_Condition cause : null
2025-05-30 09:37:05,549 [INFO] LogOutputStream:77 - [STDOUT_REDIRECT] 1 : Invalid condition id : UX_CORESTACK_Condition cause : null
2025-05-30 09:37:05,551 [INFO] LogOutputStream:77 - [STDOUT_REDIRECT] 1 : Invalid condition id : UX_CORESTACK_Condition cause : null
2025-05-30 09:37:05,554 [INFO] LogOutputStream:77 - [STDOUT_REDIRECT] 1 : Invalid condition id : UX_CORESTACK_Condition cause : null
2025-05-30 09:37:05,557 [WARN] PackLoader:240 - Cannot read IP mode file for STMicroelectronics.X-CUBE-AZRTOS-WL.2.0.0
2025-05-30 09:37:05,565 [WARN] PackLoader:240 - Cannot read IP mode file for STMicroelectronics.X-CUBE-WB05N.2.0.0
2025-05-30 09:37:05,571 [WARN] PackLoader:240 - Cannot read IP mode file for wolfSSL.I-CUBE-wolfSSL.5.8.0
2025-05-30 09:37:05,575 [WARN] PackLoader:240 - Cannot read IP mode file for wolfSSL.I-CUBE-wolfMQTT.1.19.2
2025-05-30 09:37:05,579 [WARN] PackLoader:240 - Cannot read IP mode file for wolfSSL.I-CUBE-wolfTPM.3.8.0
2025-05-30 09:37:05,586 [WARN] PackLoader:240 - Cannot read IP mode file for wolfSSL.I-CUBE-wolfSSH.1.4.20
2025-05-30 09:37:05,592 [WARN] PackLoader:240 - Cannot read IP mode file for RealThread.X-CUBE-RT-Thread_Nano.4.1.1
2025-05-30 09:37:05,632 [WARN] PackLoader:240 - Cannot read IP mode file for SEGGER.I-CUBE-embOS.1.3.1
2025-05-30 09:37:05,689 [WARN] PackLoader:240 - Cannot read IP mode file for portGmbH.I-Cube-SoM-uGOAL.1.1.0
2025-05-30 09:37:05,702 [WARN] PackLoader:240 - Cannot read IP mode file for emotas.I-CUBE-CANOPEN.1.3.0
2025-05-30 09:37:05,714 [WARN] PackLoader:240 - Cannot read IP mode file for WES.I-CUBE-Cesium.1.3.0
2025-05-30 09:37:05,728 [WARN] PackLoader:240 - Cannot read IP mode file for ITTIA_DB.I-CUBE-ITTIADB.8.9.0
2025-05-30 09:37:05,750 [WARN] PackLoader:240 - Cannot read IP mode file for Infineon.AIROC-Wi-Fi-Bluetooth-STM32.1.7.0
2025-05-30 09:37:05,758 [WARN] PackLoader:240 - Cannot read IP mode file for Cesanta.I-CUBE-Mongoose.7.13.0
2025-05-30 09:37:05,765 [WARN] PackLoader:240 - Cannot read IP mode file for EmbeddedOffice.I-CUBE-FS-RTOS.1.0.1
2025-05-30 09:37:05,770 [WARN] ConditionMgr:438 - getConditionDescription Invalid condition id : Cortex-A Device cause : null
2025-05-30 09:37:05,809 [WARN] ConditionMgr:1044 - genDependencies : Invalid condition id : Cortex-A Device cause : null
2025-05-30 09:37:05,809 [WARN] ConditionMgr:1044 - genDependencies : Invalid condition id : Cortex-A Device cause : null
2025-05-30 09:37:05,809 [WARN] ConditionMgr:1044 - genDependencies : Invalid condition id : Cortex-A Device cause : null
2025-05-30 09:37:05,814 [WARN] PackLoader:240 - Cannot read IP mode file for Avnet-IotConnect.X-CUBE-IoTC-DA16k-PMOD.1.0.0
2025-05-30 09:37:05,814 [INFO] PopulateThirdPartyThread:66 - Ending populate Thread
2025-05-30 09:37:05,820 [INFO] ThirdParty:1030 - CMSIS Pack Vendor :STMicroelectronics X-CUBE-AZRTOS-H7 3.3.0
2025-05-30 09:37:05,820 [INFO] ThirdParty:1030 - CMSIS Pack Vendor :STMicroelectronics X-CUBE-NFC9 1.0.0
2025-05-30 09:37:05,820 [INFO] ThirdParty:1030 - CMSIS Pack Vendor :wolfSSL I-CUBE-wolfSSL 5.8.0
2025-05-30 09:37:05,820 [INFO] ThirdParty:1030 - CMSIS Pack Vendor :STMicroelectronics FP-SNS-MOTENVWB1 1.4.0
2025-05-30 09:37:05,821 [INFO] ThirdParty:1030 - CMSIS Pack Vendor :STMicroelectronics X-CUBE-AZRTOS-F4 1.1.0
2025-05-30 09:37:05,821 [INFO] ThirdParty:1030 - CMSIS Pack Vendor :STMicroelectronics FP-ATR-ASTRA1 2.0.2
2025-05-30 09:37:05,821 [INFO] ThirdParty:1030 - CMSIS Pack Vendor :STMicroelectronics X-CUBE-BLE1 7.1.0
2025-05-30 09:37:05,821 [INFO] ThirdParty:1030 - CMSIS Pack Vendor :Avnet-IotConnect X-CUBE-IoTC-DA16k-PMOD 1.0.0
2025-05-30 09:37:05,821 [INFO] ThirdParty:1030 - CMSIS Pack Vendor :STMicroelectronics X-CUBE-SMBUS 2.1.0
2025-05-30 09:37:05,821 [INFO] ThirdParty:1030 - CMSIS Pack Vendor :wolfSSL I-CUBE-wolfMQTT 1.19.2
2025-05-30 09:37:05,821 [INFO] ThirdParty:1030 - CMSIS Pack Vendor :STMicroelectronics X-CUBE-ISPU 2.1.0
2025-05-30 09:37:05,821 [INFO] ThirdParty:1030 - CMSIS Pack Vendor :STMicroelectronics X-CUBE-AZRTOS-WB 2.0.0
2025-05-30 09:37:05,821 [INFO] ThirdParty:1030 - CMSIS Pack Vendor :STMicroelectronics X-CUBE-ST60 1.0.0
2025-05-30 09:37:05,821 [INFO] ThirdParty:1030 - CMSIS Pack Vendor :STMicroelectronics X-CUBE-GNSS1 7.0.1
2025-05-30 09:37:05,821 [INFO] ThirdParty:1030 - CMSIS Pack Vendor :STMicroelectronics X-CUBE-TOUCHGFX 4.25.0
2025-05-30 09:37:05,821 [INFO] ThirdParty:1030 - CMSIS Pack Vendor :STMicroelectronics X-CUBE-AZRTOS-F7 1.1.0
2025-05-30 09:37:05,821 [INFO] ThirdParty:1030 - CMSIS Pack Vendor :STMicroelectronics X-CUBE-AZRTOS-L5 2.0.0
2025-05-30 09:37:05,821 [INFO] ThirdParty:1030 - CMSIS Pack Vendor :STMicroelectronics X-CUBE-NFC6 3.1.0
2025-05-30 09:37:05,821 [INFO] ThirdParty:1030 - CMSIS Pack Vendor :STMicroelectronics FP-SNS-STBOX1 2.0.0
2025-05-30 09:37:05,821 [INFO] ThirdParty:1030 - CMSIS Pack Vendor :STMicroelectronics X-CUBE-MEMS1 11.2.0
2025-05-30 09:37:05,821 [INFO] ThirdParty:1030 - CMSIS Pack Vendor :STMicroelectronics X-CUBE-AZRTOS-G0 1.1.0
2025-05-30 09:37:05,821 [INFO] ThirdParty:1030 - CMSIS Pack Vendor :STMicroelectronics X-CUBE-NFC4 3.0.0
2025-05-30 09:37:05,822 [INFO] ThirdParty:1030 - CMSIS Pack Vendor :STMicroelectronics X-CUBE-SAFEA1 1.2.2
2025-05-30 09:37:05,822 [INFO] ThirdParty:1030 - CMSIS Pack Vendor :STMicroelectronics X-CUBE-SUBG2 5.0.0
2025-05-30 09:37:05,822 [INFO] ThirdParty:1030 - CMSIS Pack Vendor :STMicroelectronics X-CUBE-AZRTOS-H7RS 1.1.0
2025-05-30 09:37:05,822 [INFO] ThirdParty:1030 - CMSIS Pack Vendor :EmbeddedOffice I-CUBE-FS-RTOS 1.0.1
2025-05-30 09:37:05,822 [INFO] ThirdParty:1030 - CMSIS Pack Vendor :Cesanta I-CUBE-Mongoose 7.13.0
2025-05-30 09:37:05,822 [INFO] ThirdParty:1030 - CMSIS Pack Vendor :Infineon AIROC-Wi-Fi-Bluetooth-STM32 1.7.0
2025-05-30 09:37:05,822 [INFO] ThirdParty:1030 - CMSIS Pack Vendor :STMicroelectronics X-CUBE-AZRTOS-G4 2.0.0
2025-05-30 09:37:05,822 [INFO] ThirdParty:1030 - CMSIS Pack Vendor :STMicroelectronics X-CUBE-WB05N 2.0.0
2025-05-30 09:37:05,822 [INFO] ThirdParty:1030 - CMSIS Pack Vendor :wolfSSL I-CUBE-wolfTPM 3.8.0
2025-05-30 09:37:05,822 [INFO] ThirdParty:1030 - CMSIS Pack Vendor :STMicroelectronics X-CUBE-DISPLAY 3.0.0
2025-05-30 09:37:05,822 [INFO] ThirdParty:1030 - CMSIS Pack Vendor :wolfSSL I-CUBE-wolfSSH 1.4.20
2025-05-30 09:37:05,822 [INFO] ThirdParty:1030 - CMSIS Pack Vendor :STMicroelectronics X-CUBE-NFC7 2.0.0
2025-05-30 09:37:05,822 [INFO] ThirdParty:1030 - CMSIS Pack Vendor :STMicroelectronics X-CUBE-TCPP 4.2.0
2025-05-30 09:37:05,822 [INFO] ThirdParty:1030 - CMSIS Pack Vendor :RealThread X-CUBE-RT-Thread_Nano 4.1.1
2025-05-30 09:37:05,822 [INFO] ThirdParty:1030 - CMSIS Pack Vendor :STMicroelectronics FP-ATR-SIGFOX1 3.2.0
2025-05-30 09:37:05,822 [INFO] ThirdParty:1030 - CMSIS Pack Vendor :STMicroelectronics X-CUBE-NFC10 1.0.0
2025-05-30 09:37:05,822 [INFO] ThirdParty:1030 - CMSIS Pack Vendor :STMicroelectronics X-CUBE-BLEMGR 4.0.0
2025-05-30 09:37:05,822 [INFO] ThirdParty:1030 - CMSIS Pack Vendor :STMicroelectronics X-CUBE-EEPRMA1 5.1.0
2025-05-30 09:37:05,822 [INFO] ThirdParty:1030 - CMSIS Pack Vendor :STMicroelectronics X-CUBE-FREERTOS 1.3.1
2025-05-30 09:37:05,822 [INFO] ThirdParty:1030 - CMSIS Pack Vendor :STMicroelectronics X-CUBE-ALS 1.0.2
2025-05-30 09:37:05,822 [INFO] ThirdParty:1030 - CMSIS Pack Vendor :STMicroelectronics X-CUBE-IPS 3.1.0
2025-05-30 09:37:05,823 [INFO] ThirdParty:1030 - CMSIS Pack Vendor :emotas I-CUBE-CANOPEN 1.3.0
2025-05-30 09:37:05,823 [INFO] ThirdParty:1030 - CMSIS Pack Vendor :ITTIA_DB I-CUBE-ITTIADB 8.9.0
2025-05-30 09:37:05,823 [INFO] ThirdParty:1030 - CMSIS Pack Vendor :portGmbH I-Cube-SoM-uGOAL 1.1.0
2025-05-30 09:37:05,823 [INFO] ThirdParty:1030 - CMSIS Pack Vendor :STMicroelectronics X-CUBE-AI 10.0.0
2025-05-30 09:37:05,823 [INFO] ThirdParty:1030 - CMSIS Pack Vendor :quantropi X-CUBE-qispace-sdk-base 2.0.0
2025-05-30 09:37:05,823 [INFO] ThirdParty:1030 - CMSIS Pack Vendor :STMicroelectronics FP-SNS-SMARTAG2 1.2.0
2025-05-30 09:37:05,823 [INFO] ThirdParty:1030 - CMSIS Pack Vendor :STMicroelectronics FP-SNS-FLIGHT1 5.1.0
2025-05-30 09:37:05,823 [INFO] ThirdParty:1030 - CMSIS Pack Vendor :STMicroelectronics X-CUBE-AZRTOS-WL 2.0.0
2025-05-30 09:37:05,823 [INFO] ThirdParty:1030 - CMSIS Pack Vendor :SEGGER I-CUBE-embOS 1.3.1
2025-05-30 09:37:05,823 [INFO] ThirdParty:1030 - CMSIS Pack Vendor :STMicroelectronics X-CUBE-DPower 1.3.0
2025-05-30 09:37:05,823 [INFO] ThirdParty:1030 - CMSIS Pack Vendor :STMicroelectronics X-CUBE-ALGOBUILD 1.4.0
2025-05-30 09:37:05,823 [INFO] ThirdParty:1030 - CMSIS Pack Vendor :STMicroelectronics FP-SNS-MOTENV1 5.0.0
2025-05-30 09:37:05,823 [INFO] ThirdParty:1030 - CMSIS Pack Vendor :STMicroelectronics X-CUBE-AZRTOS-L4 2.0.0
2025-05-30 09:37:05,823 [INFO] ThirdParty:1030 - CMSIS Pack Vendor :WES I-CUBE-Cesium 1.3.0
2025-05-30 09:37:05,823 [INFO] ThirdParty:1030 - CMSIS Pack Vendor :STMicroelectronics X-CUBE-SFXS2LP1 4.0.0
2025-05-30 09:37:05,823 [INFO] ThirdParty:1030 - CMSIS Pack Vendor :STMicroelectronics X-CUBE-BLE2 3.3.0
2025-05-30 09:37:05,823 [INFO] ThirdParty:1030 - CMSIS Pack Vendor :STMicroelectronics X-CUBE-TOF1 3.4.3
2025-05-30 09:37:05,825 [INFO] LoadServerUpdatesThread:375 - End of LoadServerUpdate Thread
2025-05-30 09:41:39,553 [ERROR] LogOutputStream:75 - [STDERR_REDIRECT] 
2025-05-30 09:41:39,555 [ERROR] LogOutputStream:75 - [STDERR_REDIRECT] 
